Traceback (most recent call last):
  File "/home/ijain/Clean_parflex/runtime.py", line 119, in <module>
    F1, F2 = _load_or_synthetic_features(_REC1, _REC2, min_frames=max_p)
             ~~~~~~~~~~~~~~~~~~~~~~~~~~~^^^^^^^^^^^^^^^^^^^^^^^^^^^^^^^^
  File "/home/ijain/Clean_parflex/runtime.py", line 61, in _load_or_synthetic_features
    import librosa as lb
ModuleNotFoundError: No module named 'librosa'
Completed P=10000
Completed P=20000
Completed P=40000
Completed P=60000
Completed P=80000
Traceback (most recent call last):
  File "/home/ijain/Clean_parflex/runtime.py", line 170, in <module>
    dist, _wp = Parflex_gpu.parflex(
  File "/home/ijain/Clean_parflex/Parflex_gpu.py", line 601, in parflex
    chunks_dict, L_out, n_chunks_1, n_chunks_2 = run_flexdtw_on_tiles(
  File "/home/ijain/Clean_parflex/Parflex_gpu.py", line 446, in run_flexdtw_on_tiles
    best_cost, wp, D, P, B, debug = flexdtw_chunk_from_global_C(
  File "/home/ijain/Clean_parflex/gpu_flexdtw.py", line 367, in flexdtw_chunk_from_global_C
    fused_kernel(
  File "cupy/_core/raw.pyx", line 101, in cupy._core.raw.RawKernel.__call__
  File "cupy/cuda/function.pyx", line 147, in cupy.cuda.function.Function.__call__
  File "cupy/cuda/function.pyx", line 129, in cupy.cuda.function._launch
  File "cupy_backends/cuda/api/driver.pyx", line 273, in cupy_backends.cuda.api.driver.launchKernel
  File "cupy_backends/cuda/api/driver.pyx", line 63, in cupy_backends.cuda.api.driver.check_status
cupy_backends.cuda.api.driver.CUDADriverError: CUDA_ERROR_ILLEGAL_ADDRESS: an illegal memory access was encountered
Traceback (most recent call last):
  File "cupy_backends/cuda/api/driver.pyx", line 234, in cupy_backends.cuda.api.driver.moduleUnload
  File "cupy_backends/cuda/api/driver.pyx", line 63, in cupy_backends.cuda.api.driver.check_status
cupy_backends.cuda.api.driver.CUDADriverError: CUDA_ERROR_ILLEGAL_ADDRESS: an illegal memory access was encountered
Exception ignored in: 'cupy.cuda.function.Module.__dealloc__'
Traceback (most recent call last):
  File "cupy_backends/cuda/api/driver.pyx", line 234, in cupy_backends.cuda.api.driver.moduleUnload
  File "cupy_backends/cuda/api/driver.pyx", line 63, in cupy_backends.cuda.api.driver.check_status
cupy_backends.cuda.api.driver.CUDADriverError: CUDA_ERROR_ILLEGAL_ADDRESS: an illegal memory access was encountered
Traceback (most recent call last):
  File "cupy_backends/cuda/api/driver.pyx", line 234, in cupy_backends.cuda.api.driver.moduleUnload
  File "cupy_backends/cuda/api/driver.pyx", line 63, in cupy_backends.cuda.api.driver.check_status
cupy_backends.cuda.api.driver.CUDADriverError: CUDA_ERROR_ILLEGAL_ADDRESS: an illegal memory access was encountered
Exception ignored in: 'cupy.cuda.function.Module.__dealloc__'
Traceback (most recent call last):
  File "cupy_backends/cuda/api/driver.pyx", line 234, in cupy_backends.cuda.api.driver.moduleUnload
  File "cupy_backends/cuda/api/driver.pyx", line 63, in cupy_backends.cuda.api.driver.check_status
cupy_backends.cuda.api.driver.CUDADriverError: CUDA_ERROR_ILLEGAL_ADDRESS: an illegal memory access was encountered
Traceback (most recent call last):
  File "cupy_backends/cuda/api/driver.pyx", line 234, in cupy_backends.cuda.api.driver.moduleUnload
  File "cupy_backends/cuda/api/driver.pyx", line 63, in cupy_backends.cuda.api.driver.check_status
cupy_backends.cuda.api.driver.CUDADriverError: CUDA_ERROR_ILLEGAL_ADDRESS: an illegal memory access was encountered
Exception ignored in: 'cupy.cuda.function.Module.__dealloc__'
Traceback (most recent call last):
  File "cupy_backends/cuda/api/driver.pyx", line 234, in cupy_backends.cuda.api.driver.moduleUnload
  File "cupy_backends/cuda/api/driver.pyx", line 63, in cupy_backends.cuda.api.driver.check_status
cupy_backends.cuda.api.driver.CUDADriverError: CUDA_ERROR_ILLEGAL_ADDRESS: an illegal memory access was encountered
Traceback (most recent call last):
  File "cupy_backends/cuda/api/driver.pyx", line 234, in cupy_backends.cuda.api.driver.moduleUnload
  File "cupy_backends/cuda/api/driver.pyx", line 63, in cupy_backends.cuda.api.driver.check_status
cupy_backends.cuda.api.driver.CUDADriverError: CUDA_ERROR_ILLEGAL_ADDRESS: an illegal memory access was encountered
Exception ignored in: 'cupy.cuda.function.Module.__dealloc__'
Traceback (most recent call last):
  File "cupy_backends/cuda/api/driver.pyx", line 234, in cupy_backends.cuda.api.driver.moduleUnload
  File "cupy_backends/cuda/api/driver.pyx", line 63, in cupy_backends.cuda.api.driver.check_status
cupy_backends.cuda.api.driver.CUDADriverError: CUDA_ERROR_ILLEGAL_ADDRESS: an illegal memory access was encountered
Traceback (most recent call last):
  File "cupy_backends/cuda/api/driver.pyx", line 234, in cupy_backends.cuda.api.driver.moduleUnload
  File "cupy_backends/cuda/api/driver.pyx", line 63, in cupy_backends.cuda.api.driver.check_status
cupy_backends.cuda.api.driver.CUDADriverError: CUDA_ERROR_ILLEGAL_ADDRESS: an illegal memory access was encountered
Exception ignored in: 'cupy.cuda.function.Module.__dealloc__'
Traceback (most recent call last):
  File "cupy_backends/cuda/api/driver.pyx", line 234, in cupy_backends.cuda.api.driver.moduleUnload
  File "cupy_backends/cuda/api/driver.pyx", line 63, in cupy_backends.cuda.api.driver.check_status
cupy_backends.cuda.api.driver.CUDADriverError: CUDA_ERROR_ILLEGAL_ADDRESS: an illegal memory access was encountered
Traceback (most recent call last):
  File "cupy_backends/cuda/api/driver.pyx", line 234, in cupy_backends.cuda.api.driver.moduleUnload
  File "cupy_backends/cuda/api/driver.pyx", line 63, in cupy_backends.cuda.api.driver.check_status
cupy_backends.cuda.api.driver.CUDADriverError: CUDA_ERROR_ILLEGAL_ADDRESS: an illegal memory access was encountered
Exception ignored in: 'cupy.cuda.function.Module.__dealloc__'
Traceback (most recent call last):
  File "cupy_backends/cuda/api/driver.pyx", line 234, in cupy_backends.cuda.api.driver.moduleUnload
  File "cupy_backends/cuda/api/driver.pyx", line 63, in cupy_backends.cuda.api.driver.check_status
cupy_backends.cuda.api.driver.CUDADriverError: CUDA_ERROR_ILLEGAL_ADDRESS: an illegal memory access was encountered
Traceback (most recent call last):
  File "cupy_backends/cuda/api/driver.pyx", line 234, in cupy_backends.cuda.api.driver.moduleUnload
  File "cupy_backends/cuda/api/driver.pyx", line 63, in cupy_backends.cuda.api.driver.check_status
cupy_backends.cuda.api.driver.CUDADriverError: CUDA_ERROR_ILLEGAL_ADDRESS: an illegal memory access was encountered
Exception ignored in: 'cupy.cuda.function.Module.__dealloc__'
Traceback (most recent call last):
  File "cupy_backends/cuda/api/driver.pyx", line 234, in cupy_backends.cuda.api.driver.moduleUnload
  File "cupy_backends/cuda/api/driver.pyx", line 63, in cupy_backends.cuda.api.driver.check_status
cupy_backends.cuda.api.driver.CUDADriverError: CUDA_ERROR_ILLEGAL_ADDRESS: an illegal memory access was encountered
